{"/Users/naeda/Desktop/ESM/webアプリ/time-attack-record-app/frontend/src/foo.ts": {"path":"/Users/naeda/Desktop/ESM/webアプリ/time-attack-record-app/frontend/src/foo.ts","all":false,"statementMap":{"0":{"start":{"line":1,"column":0},"end":{"line":1,"column":69}},"1":{"start":{"line":2,"column":0},"end":{"line":2,"column":0}},"2":{"start":{"line":3,"column":0},"end":{"line":3,"column":19}}},"s":{"0":1,"1":1,"2":1},"branchMap":{"0":{"type":"branch","line":1,"loc":{"start":{"line":1,"column":12},"end":{"line":1,"column":68}},"locations":[{"start":{"line":1,"column":12},"end":{"line":1,"column":68}}]},"1":{"type":"branch","line":1,"loc":{"start":{"line":1,"column":41},"end":{"line":1,"column":64}},"locations":[{"start":{"line":1,"column":41},"end":{"line":1,"column":64}}]}},"b":{"0":[2],"1":[2]},"fnMap":{"0":{"name":"sum","decl":{"start":{"line":1,"column":12},"end":{"line":1,"column":68}},"loc":{"start":{"line":1,"column":12},"end":{"line":1,"column":68}},"line":1}},"f":{"0":2}}
}
